{"C:\\Users\\aleo.yakas\\sites\\catch-me-if-you-can\\javascript\\gameFunctions.js": {"path":"C:\\Users\\aleo.yakas\\sites\\catch-me-if-you-can\\javascript\\gameFunctions.js","statementMap":{"0":{"start":{"line":1,"column":25},"end":{"line":6,"column":1}},"1":{"start":{"line":2,"column":2},"end":{"line":2,"column":58}},"2":{"start":{"line":3,"column":2},"end":{"line":3,"column":57}},"3":{"start":{"line":4,"column":2},"end":{"line":4,"column":59}},"4":{"start":{"line":5,"column":2},"end":{"line":5,"column":60}}},"fnMap":{"0":{"name":"(anonymous_0)","decl":{"start":{"line":1,"column":25},"end":{"line":1,"column":26}},"loc":{"start":{"line":1,"column":31},"end":{"line":6,"column":1}},"line":1}},"branchMap":{},"s":{"0":1,"1":1,"2":1,"3":1,"4":1},"f":{"0":1},"b":{},"_coverageSchema":"43e27e138ebf9cfc5966b082cf9a028302ed4184","hash":"690cda1919954718cf7390c81db93ac81465dfff"}
}
